C:\Users\VivianaW7\Dropbox\PcVivi\2.AUTOCAD\Graficos-Maestria.DWG,Model,14/07/2015 06:54:02 p.m.,VivianaW7,DWG To PDF.pc3,tab1 (55.00 x 29.00 MM),1:0.1,
C:\Users\VivianaW7\Dropbox\PcVivi\2.AUTOCAD\Graficos-Maestria.DWG,Model,14/07/2015 06:54:25 p.m.,VivianaW7,DWG To PDF.pc3,tab1 (55.00 x 29.00 MM),1:0.1,
C:\Users\VivianaW7\Dropbox\PcVivi\2.AUTOCAD\Graficos-Maestria.DWG,Model,14/07/2015 06:54:48 p.m.,VivianaW7,DWG To PDF.pc3,tab1 (55.00 x 29.00 MM),1:0.06,
C:\Users\VivianaW7\Dropbox\PcVivi\2.AUTOCAD\Graficos-Maestria.DWG,Model,14/07/2015 06:55:55 p.m.,VivianaW7,DWG To PDF.pc3,tab1 (55.00 x 29.00 MM),1:0.06,
C:\Users\VivianaW7\Dropbox\PcVivi\2.AUTOCAD\Graficos-Maestria.DWG,Model,13/08/2015 12:21:28 p.m.,VivianaW7,DWG To PDF.pc3,User 1 (279.00 x 216.00 MM),1:0.1,
C:\Users\VivianaW7\Dropbox\PcVivi\2.AUTOCAD\Graficos-Maestria.DWG,Model,13/08/2015 12:23:14 p.m.,VivianaW7,DWG To PDF.pc3,User 1 (279.00 x 216.00 MM),1:0.1,
C:\Users\VivianaW7\Dropbox\PcVivi\2.AUTOCAD\Graficos-Maestria.DWG,Model,13/08/2015 12:24:05 p.m.,VivianaW7,DWG To PDF.pc3,User 1 (279.00 x 216.00 MM),1:0.1,
C:\Users\VivianaW7\Dropbox\PcVivi\2.AUTOCAD\Graficos-Maestria.DWG,Model,13/08/2015 12:26:29 p.m.,VivianaW7,DWG To PDF.pc3,User 1 (279.00 x 216.00 MM),1:0.1,
C:\Users\VivianaW7\Dropbox\PcVivi\2.AUTOCAD\Graficos-Maestria.DWG,Model,13/08/2015 12:27:12 p.m.,VivianaW7,DWG To PDF.pc3,User 1 (279.00 x 216.00 MM),1:0.1,
C:\Users\VivianaW7\Dropbox\PcVivi\2.AUTOCAD\Graficos-Maestria.DWG,Model,20/08/2015 01:44:01 p.m.,VivianaW7,DWG To PDF.pc3,DRMM (140.00 x 64.00 MM),1:0.100378,
C:\Users\VivianaW7\Dropbox\PcVivi\2.AUTOCAD\Graficos-Maestria.DWG,Model,21/08/2015 12:31:44 p.m.,VivianaW7,DWG To PDF.pc3,User 1 (279.00 x 216.00 MM),1:0.1,
C:\Users\VivianaW7\Dropbox\PcVivi\2.AUTOCAD\Graficos-Maestria.DWG,Model,21/08/2015 12:54:11 p.m.,VivianaW7,DWG To PDF.pc3,User 1 (279.00 x 216.00 MM),1:0.1,
C:\Users\VivianaW7\Dropbox\PcVivi\2.AUTOCAD\Graficos-Maestria.DWG,Model,26/08/2015 05:51:28 p.m.,VivianaW7,DWG To PDF.pc3,c1 (150.00 x 64.00 MM),1:0.1,
C:\Users\VivianaW7\Dropbox\PcVivi\2.AUTOCAD\Graficos-Maestria.DWG,Model,26/08/2015 05:53:50 p.m.,VivianaW7,DWG To PDF.pc3,c1 (150.00 x 64.00 MM),1:0.1,
C:\Users\VivianaW7\Dropbox\PcVivi\2.AUTOCAD\Graficos-Maestria.DWG,Model,26/08/2015 05:54:09 p.m.,VivianaW7,DWG To PDF.pc3,c1 (150.00 x 64.00 MM),1:0.1,
C:\Users\VivianaW7\Dropbox\PcVivi\2.AUTOCAD\Graficos-Maestria.DWG,Model,26/08/2015 05:54:21 p.m.,VivianaW7,DWG To PDF.pc3,c1 (150.00 x 64.00 MM),1:0.1,
C:\Users\VivianaW7\Dropbox\PcVivi\2.AUTOCAD\Graficos-Maestria.DWG,Model,26/08/2015 05:57:44 p.m.,VivianaW7,DWG To PDF.pc3,c1 (140.00 x 64.00 MM),1:0.1,
C:\Users\VivianaW7\Dropbox\PcVivi\2.AUTOCAD\Graficos-Maestria.DWG,Model,26/08/2015 06:01:06 p.m.,VivianaW7,DWG To PDF.pc3,c1 (140.00 x 64.00 MM),1:0.1,
C:\Users\VivianaW7\Dropbox\PcVivi\2.AUTOCAD\Graficos-Maestria.DWG,Model,26/08/2015 06:01:25 p.m.,VivianaW7,DWG To PDF.pc3,c1 (140.00 x 64.00 MM),1:0.1,
C:\Users\VivianaW7\Dropbox\PcVivi\2.AUTOCAD\Graficos-Maestria.DWG,Model,26/08/2015 06:01:44 p.m.,VivianaW7,DWG To PDF.pc3,c1 (140.00 x 64.00 MM),1:0.1,
C:\Users\VivianaW7\Dropbox\PcVivi\2.AUTOCAD\Graficos-Maestria.DWG,Model,26/08/2015 11:40:00 p.m.,VivianaW7,DWG To PDF.pc3,frontCD,1:0.1,
